Reading file ass1.pls ....Please wait

Printing buffer parameters:

The capacity of the buffer is:  320
The current size of the buffer is:  311
The operational mode of the buffer is:   1
The increment factor of the buffer is:  15
The current mark of the buffer is:  311

Printing buffer contents:

Compilers  are  fundamental  to  modern  computing.
They  act  as  translators,  transforming  human-oriented
language  into  computer-oriented  machine-language.
A compiler allows virtually all compuer users to
ignre the  machinedependent  detals of machine lnguage.
Isn't tat nice?  =:)
 
CST8152
Autumn  2013

Printing buffer parameters:

The capacity of the buffer is:  312
The current size of the buffer is:  312
The operational mode of the buffer is:   1
The increment factor of the buffer is:  15
The current mark of the buffer is:  311

Printing buffer contents:

Compilers  are  fundamental  to  modern  computing.
They  act  as  translators,  transforming  human-oriented
language  into  computer-oriented  machine-language.
A compiler allows virtually all compuer users to
ignre the  machinedependent  detals of machine lnguage.
Isn't tat nice?  =:)
 
CST8152
Autumn  2013ÿ
