C:\USERS\ERIC\DOCUMENTS\ALGONQUIN\2013F\COMPILERS\ASSIGNMENT 1\BUFFER\BUFFER\DEBUG\BUFFER.EXE.EMBED.MANIFEST
C:\USERS\ERIC\DOCUMENTS\ALGONQUIN\2013F\COMPILERS\ASSIGNMENT 1\BUFFER\BUFFER\DEBUG\BUFFER.EXE.EMBED.MANIFEST.RES
C:\USERS\ERIC\DOCUMENTS\ALGONQUIN\2013F\COMPILERS\ASSIGNMENT 1\BUFFER\BUFFER\DEBUG\BUFFER.EXE.INTERMEDIATE.MANIFEST
C:\USERS\ERIC\DOCUMENTS\ALGONQUIN\2013F\COMPILERS\ASSIGNMENT 1\BUFFER\BUFFER\DEBUG\BUFFER.OBJ
C:\Users\Eric\Documents\Algonquin\2013F\Compilers\Assignment 1\buffer\buffer\Debug\buffer.vcxprojResolveAssemblyReference.cache
C:\Users\Eric\Documents\Algonquin\2013F\Compilers\Assignment 1\buffer\buffer\Debug\buffer.write.1.tlog
C:\Users\Eric\Documents\Algonquin\2013F\Compilers\Assignment 1\buffer\buffer\Debug\buffer_manifest.rc
C:\Users\Eric\Documents\Algonquin\2013F\Compilers\Assignment 1\buffer\buffer\Debug\cl.command.1.tlog
C:\Users\Eric\Documents\Algonquin\2013F\Compilers\Assignment 1\buffer\buffer\Debug\CL.read.1.tlog
C:\Users\Eric\Documents\Algonquin\2013F\Compilers\Assignment 1\buffer\buffer\Debug\CL.write.1.tlog
C:\Users\Eric\Documents\Algonquin\2013F\Compilers\Assignment 1\buffer\buffer\Debug\link.7080.read.1.tlog
C:\Users\Eric\Documents\Algonquin\2013F\Compilers\Assignment 1\buffer\buffer\Debug\link.7080.write.1.tlog
C:\Users\Eric\Documents\Algonquin\2013F\Compilers\Assignment 1\buffer\buffer\Debug\link.7080-cvtres.read.1.tlog
C:\Users\Eric\Documents\Algonquin\2013F\Compilers\Assignment 1\buffer\buffer\Debug\link.7080-cvtres.write.1.tlog
C:\Users\Eric\Documents\Algonquin\2013F\Compilers\Assignment 1\buffer\buffer\Debug\link.command.1.tlog
C:\Users\Eric\Documents\Algonquin\2013F\Compilers\Assignment 1\buffer\buffer\Debug\link.read.1.tlog
C:\Users\Eric\Documents\Algonquin\2013F\Compilers\Assignment 1\buffer\buffer\Debug\link.write.1.tlog
C:\Users\Eric\Documents\Algonquin\2013F\Compilers\Assignment 1\buffer\buffer\Debug\link-cvtres.read.1.tlog
C:\Users\Eric\Documents\Algonquin\2013F\Compilers\Assignment 1\buffer\buffer\Debug\link-cvtres.write.1.tlog
C:\Users\Eric\Documents\Algonquin\2013F\Compilers\Assignment 1\buffer\buffer\Debug\mt.command.1.tlog
C:\Users\Eric\Documents\Algonquin\2013F\Compilers\Assignment 1\buffer\buffer\Debug\mt.read.1.tlog
C:\Users\Eric\Documents\Algonquin\2013F\Compilers\Assignment 1\buffer\buffer\Debug\mt.write.1.tlog
C:\USERS\ERIC\DOCUMENTS\ALGONQUIN\2013F\COMPILERS\ASSIGNMENT 1\BUFFER\BUFFER\DEBUG\PLATY_BT.OBJ
C:\Users\Eric\Documents\Algonquin\2013F\Compilers\Assignment 1\buffer\buffer\Debug\rc.command.1.tlog
C:\Users\Eric\Documents\Algonquin\2013F\Compilers\Assignment 1\buffer\buffer\Debug\rc.read.1.tlog
C:\Users\Eric\Documents\Algonquin\2013F\Compilers\Assignment 1\buffer\buffer\Debug\rc.write.1.tlog
C:\Users\Eric\Documents\Algonquin\2013F\Compilers\Assignment 1\buffer\buffer\Debug\vc100.idb
C:\USERS\ERIC\DOCUMENTS\ALGONQUIN\2013F\COMPILERS\ASSIGNMENT 1\BUFFER\BUFFER\DEBUG\VC100.PDB
C:\USERS\ERIC\DOCUMENTS\ALGONQUIN\2013F\COMPILERS\ASSIGNMENT 1\BUFFER\DEBUG\BUFFER.EXE
C:\USERS\ERIC\DOCUMENTS\ALGONQUIN\2013F\COMPILERS\ASSIGNMENT 1\BUFFER\DEBUG\BUFFER.ILK
C:\USERS\ERIC\DOCUMENTS\ALGONQUIN\2013F\COMPILERS\ASSIGNMENT 1\BUFFER\DEBUG\BUFFER.PDB
