Build started 9/25/2013 11:14:27 PM.
     1>Project "C:\Users\Eric\Documents\Algonquin\2013F\Compilers\Assignment 1\buffer\buffer\buffer.vcxproj" on node 2 (build target(s)).
     1>InitializeBuildStatus:
         Creating "Debug\buffer.unsuccessfulbuild" because "AlwaysCreate" was specified.
       ClCompile:
         c:\Program Files (x86)\Microsoft Visual Studio 10.0\VC\bin\CL.exe /c /ZI /nologo /W4 /WX- /Od /Oy- /D WIN32 /D _DEBUG /D _CONSOLE /D _UNICODE /D UNICODE /Gm /EHsc /RTC1 /MDd /GS /fp:precise /Za /Zc:wchar_t /Zc:forScope /Fo"Debug\\" /Fd"Debug\vc100.pdb" /Gd /TC /analyze- /errorReport:prompt buffer.c
         buffer.c
     1>c:\program files (x86)\microsoft visual studio 10.0\vc\include\sal.h(109): warning C4001: nonstandard extension 'single line comment' was used
     1>c:\users\eric\documents\algonquin\2013f\compilers\assignment 1\buffer\buffer\buffer.c(538): warning C4306: 'type cast' : conversion from 'char' to 'char *' of greater size
       ManifestResourceCompile:
         All outputs are up-to-date.
       Link:
         c:\Program Files (x86)\Microsoft Visual Studio 10.0\VC\bin\link.exe /ERRORREPORT:PROMPT /OUT:"C:\Users\Eric\Documents\Algonquin\2013F\Compilers\Assignment 1\buffer\Debug\buffer.exe" /INCREMENTAL /NOLOGO kernel32.lib user32.lib gdi32.lib winspool.lib comdlg32.lib advapi32.lib shell32.lib ole32.lib oleaut32.lib uuid.lib odbc32.lib odbccp32.lib /MANIFEST /ManifestFile:"Debug\buffer.exe.intermediate.manifest" /MANIFESTUAC:"level='asInvoker' uiAccess='false'" /DEBUG /PDB:"C:\Users\Eric\Documents\Algonquin\2013F\Compilers\Assignment 1\buffer\Debug\buffer.pdb" /SUBSYSTEM:CONSOLE /TLBID:1 /DYNAMICBASE /NXCOMPAT /IMPLIB:"C:\Users\Eric\Documents\Algonquin\2013F\Compilers\Assignment 1\buffer\Debug\buffer.lib" /MACHINE:X86 Debug\buffer.exe.embed.manifest.res
         Debug\buffer.obj
         Debug\platy_bt.obj
       Manifest:
         C:\Program Files (x86)\Microsoft SDKs\Windows\v7.0A\bin\mt.exe /nologo /verbose /out:"Debug\buffer.exe.embed.manifest" /manifest Debug\buffer.exe.intermediate.manifest
         All outputs are up-to-date.
       LinkEmbedManifest:
         All outputs are up-to-date.
         buffer.vcxproj -> C:\Users\Eric\Documents\Algonquin\2013F\Compilers\Assignment 1\buffer\Debug\buffer.exe
       FinalizeBuildStatus:
         Deleting file "Debug\buffer.unsuccessfulbuild".
         Touching "Debug\buffer.lastbuildstate".
     1>Done Building Project "C:\Users\Eric\Documents\Algonquin\2013F\Compilers\Assignment 1\buffer\buffer\buffer.vcxproj" (build target(s)).

Build succeeded.

Time Elapsed 00:00:00.67
